{'L2_reguralization': 0,
 'activation': 'relu',
 'alpha': 0.4,
 'amplitude_shift': 0.5,
 'batch_size': 32,
 'conv_layer_1_batchnorm': {'name': True},
 'conv_layer_1_channels_out': 32,
 'conv_layer_1_extras': 'name',
 'conv_layer_1_kernel_size': 4,
 'conv_layer_1_kernel_size_maxpool': 3,
 'conv_layer_1_strides': 1,
 'conv_layer_1_strides_maxpool': 2,
 'conv_layer_2_batchnorm': {'name': False},
 'conv_layer_2_channels_out': 64,
 'conv_layer_2_extras': 'name',
 'conv_layer_2_kernel_size': 4,
 'conv_layer_2_kernel_size_maxpool': 3,
 'conv_layer_2_strides': 2,
 'conv_layer_2_strides_maxpool': 2,
 'conv_layer_3_batchnorm': {'name': False},
 'conv_layer_3_channels_out': 8,
 'conv_layer_3_extras': 'name',
 'conv_layer_3_kernel_size': 4,
 'conv_layer_3_kernel_size_maxpool': 2,
 'conv_layer_3_strides': 1,
 'conv_layer_3_strides_maxpool': 1,
 'conv_layer_4_batchnorm': {'name': False},
 'conv_layer_4_channels_out': 256,
 'conv_layer_4_extras': 'name',
 'conv_layer_4_kernel_size': 5,
 'conv_layer_4_kernel_size_maxpool': 3,
 'conv_layer_4_strides': 2,
 'conv_layer_4_strides_maxpool': 2,
 'conv_layer_5_batchnorm': {'name': True},
 'conv_layer_5_channels_out': 256,
 'conv_layer_5_extras': 'name',
 'conv_layer_5_kernel_size': 4,
 'conv_layer_5_kernel_size_maxpool': 2,
 'conv_layer_5_strides': 2,
 'conv_layer_5_strides_maxpool': 1,
 'conv_layer_6_batchnorm': {'name': False},
 'conv_layer_6_channels_out': 256,
 'conv_layer_6_extras': 'name',
 'conv_layer_6_kernel_size': 3,
 'conv_layer_6_kernel_size_maxpool': 3,
 'conv_layer_6_strides': 2,
 'conv_layer_6_strides_maxpool': 1,
 'conv_layer_7_batchnorm': {'name': False},
 'conv_layer_7_channels_out': 8,
 'conv_layer_7_extras': 'name',
 'conv_layer_7_kernel_size': 4,
 'conv_layer_7_kernel_size_maxpool': 2,
 'conv_layer_7_strides': 1,
 'conv_layer_7_strides_maxpool': 1,
 'conv_layer_8_batchnorm': {'name': True},
 'conv_layer_8_channels_out': 128,
 'conv_layer_8_extras': 'name',
 'conv_layer_8_kernel_size': 2,
 'conv_layer_8_kernel_size_maxpool': 3,
 'conv_layer_8_strides': 2,
 'conv_layer_8_strides_maxpool': 1,
 'conv_layer_9_batchnorm': {'name': False},
 'conv_layer_9_channels_out': 4,
 'conv_layer_9_extras': 'name',
 'conv_layer_9_kernel_size': 3,
 'conv_layer_9_kernel_size_maxpool': 3,
 'conv_layer_9_strides': 2,
 'conv_layer_9_strides_maxpool': 2,
 'conv_order': True,
 'depthShift': 2.6,
 'depthShift_sigma': 0.8,
 'fc_layer_1_batchnorm': {'name': True},
 'fc_layer_1_extras': {'name': 'dropout', 'rate': 0.4853609126406153},
 'fc_layer_2_batchnorm': {'name': True},
 'fc_layer_2_extras': {'name': None},
 'fc_layer_3_batchnorm': {'name': True},
 'fc_layer_3_extras': {'name': None},
 'fc_layer_4_batchnorm': {'name': True},
 'fc_layer_4_extras': {'name': 'dropout', 'rate': 0.5430694454362267},
 'fc_layer_5_batchnorm': {'name': False},
 'fc_layer_5_extras': {'name': 'dropout', 'rate': 0.4345536297888637},
 'fc_layer_6_batchnorm': {'name': True},
 'fc_layer_6_extras': {'name': 'dropout', 'rate': 0.5623788320304374},
 'fc_layer_7_batchnorm': {'name': True},
 'fc_layer_7_extras': {'name': 'dropout', 'rate': 0.1990679240917643},
 'fc_layer_8_batchnorm': {'name': True},
 'fc_layer_8_extras': {'name': 'dropout', 'rate': 0.20916768471525574},
 'fc_layer_9_batchnorm': {'name': True},
 'fc_layer_9_extras': {'name': None},
 'init': 'standard',
 'input_size': 2000,
 'learnin_rate': 0.001,
 'margin': 0.1,
 'n_conv_layers': 5,
 'n_fc_layers': 8,
 'neurons': 1028,
 'numberOfShots': 0,
 'optimizer': 'Adam'}

500
Load data...
Number of spectra in the data set 1790
Number of spectra in the data set 199
Done!

cuda:0
ParametricConvFCModel(
  (seq_layers): ModuleDict(
    (0): BatchNorm1d(1, eps=1e-05, momentum=0.1, affine=True, track_running_stats=True)
    (1): Conv1d(1, 8, kernel_size=(4,), stride=(1,))
    (2): MaxPool1d(kernel_size=3, stride=2, padding=0, dilation=1, ceil_mode=False)
    (3): Conv1d(8, 32, kernel_size=(4,), stride=(2,))
    (4): MaxPool1d(kernel_size=3, stride=2, padding=0, dilation=1, ceil_mode=False)
    (5): Conv1d(32, 64, kernel_size=(4,), stride=(1,))
    (6): MaxPool1d(kernel_size=2, stride=1, padding=0, dilation=1, ceil_mode=False)
    (7): Conv1d(64, 256, kernel_size=(5,), stride=(2,))
    (8): BatchNorm1d(256, eps=1e-05, momentum=0.1, affine=True, track_running_stats=True)
    (9): MaxPool1d(kernel_size=3, stride=2, padding=0, dilation=1, ceil_mode=False)
    (10): Conv1d(256, 256, kernel_size=(4,), stride=(2,))
    (11): BatchNorm1d(256, eps=1e-05, momentum=0.1, affine=True, track_running_stats=True)
    (12): MaxPool1d(kernel_size=2, stride=1, padding=0, dilation=1, ceil_mode=False)
    (13): Dropout(p=0.4853609126406153, inplace=False)
    (14): Linear(in_features=6912, out_features=1028, bias=True)
    (15): BatchNorm1d(1028, eps=1e-05, momentum=0.1, affine=True, track_running_stats=True)
    (16): Linear(in_features=1028, out_features=1028, bias=True)
    (17): BatchNorm1d(1028, eps=1e-05, momentum=0.1, affine=True, track_running_stats=True)
    (18): Linear(in_features=1028, out_features=1028, bias=True)
    (19): BatchNorm1d(1028, eps=1e-05, momentum=0.1, affine=True, track_running_stats=True)
    (20): Dropout(p=0.5430694454362267, inplace=False)
    (21): Linear(in_features=1028, out_features=1028, bias=True)
    (22): Dropout(p=0.4345536297888637, inplace=False)
    (23): Linear(in_features=1028, out_features=1028, bias=True)
    (24): BatchNorm1d(1028, eps=1e-05, momentum=0.1, affine=True, track_running_stats=True)
    (25): Dropout(p=0.5623788320304374, inplace=False)
    (26): Linear(in_features=1028, out_features=1028, bias=True)
    (27): BatchNorm1d(1028, eps=1e-05, momentum=0.1, affine=True, track_running_stats=True)
    (28): Dropout(p=0.1990679240917643, inplace=False)
    (29): Linear(in_features=1028, out_features=1028, bias=True)
    (30): BatchNorm1d(1028, eps=1e-05, momentum=0.1, affine=True, track_running_stats=True)
    (31): Dropout(p=0.20916768471525574, inplace=False)
    (32): Linear(in_features=1028, out_features=1028, bias=True)
    (33): Linear(in_features=1028, out_features=1, bias=True)
  )
)
****************************************************
************* epoch  0 ***************************
****************************************************
loss function at mini-batch iteration 0 : 4.189916610717773
loss function at mini-batch iteration 11 : 0.9530202150344849
loss function at mini-batch iteration 22 : 0.5345112681388855
loss function at mini-batch iteration 33 : 0.6532271504402161
loss function at mini-batch iteration 44 : 0.173767551779747
loss function at mini-batch iteration 55 : 0.4020077884197235
mean loss: 23.280786514282227
***************************
********* Validate ************
***************************
mean loss: 0.20671531558036804
****************************************************
************* epoch  1 ***************************
****************************************************
loss function at mini-batch iteration 0 : 0.32880139350891113
loss function at mini-batch iteration 11 : 0.3214166462421417
loss function at mini-batch iteration 22 : 0.1159011721611023
loss function at mini-batch iteration 33 : 0.14211143553256989
loss function at mini-batch iteration 44 : 0.16860294342041016
loss function at mini-batch iteration 55 : 0.11611203104257584
mean loss: 6.75105094909668
***************************
********* Validate ************
***************************
mean loss: 0.2760407030582428
****************************************************
************* epoch  2 ***************************
****************************************************
loss function at mini-batch iteration 0 : 0.1688682585954666
loss function at mini-batch iteration 11 : 0.24623090028762817
loss function at mini-batch iteration 22 : 0.14339101314544678
loss function at mini-batch iteration 33 : 0.1009831428527832
loss function at mini-batch iteration 44 : 0.20891883969306946
loss function at mini-batch iteration 55 : 0.1129763200879097
mean loss: 5.445333480834961
***************************
********* Validate ************
***************************
mean loss: 0.44915682077407837
****************************************************
************* epoch  3 ***************************
****************************************************
loss function at mini-batch iteration 0 : 0.33270931243896484
loss function at mini-batch iteration 11 : 0.1172420009970665
loss function at mini-batch iteration 22 : 0.11551196873188019
loss function at mini-batch iteration 33 : 0.7239912748336792
loss function at mini-batch iteration 44 : 0.20659759640693665
loss function at mini-batch iteration 55 : 0.2548910975456238
mean loss: 6.271243572235107
***************************
********* Validate ************
***************************
mean loss: 0.6244306564331055
****************************************************
************* epoch  4 ***************************
****************************************************
loss function at mini-batch iteration 0 : 0.10847943276166916
loss function at mini-batch iteration 11 : 0.16772645711898804
loss function at mini-batch iteration 22 : 0.1028301939368248
loss function at mini-batch iteration 33 : 0.1505439579486847
loss function at mini-batch iteration 44 : 0.11158622056245804
loss function at mini-batch iteration 55 : 0.1374819576740265
mean loss: 5.018091678619385
***************************
********* Validate ************
***************************
mean loss: 0.802861750125885
****************************************************
************* epoch  5 ***************************
****************************************************
loss function at mini-batch iteration 0 : 0.0731630027294159
loss function at mini-batch iteration 11 : 0.09407274425029755
loss function at mini-batch iteration 22 : 0.17850497364997864
loss function at mini-batch iteration 33 : 0.10182651877403259
loss function at mini-batch iteration 44 : 0.07293590903282166
loss function at mini-batch iteration 55 : 0.3246525824069977
mean loss: 4.282829284667969
***************************
********* Validate ************
***************************
mean loss: 0.5335547924041748
****************************************************
************* epoch  6 ***************************
****************************************************
loss function at mini-batch iteration 0 : 0.0781356692314148
loss function at mini-batch iteration 11 : 0.08095753192901611
loss function at mini-batch iteration 22 : 0.07095971703529358
loss function at mini-batch iteration 33 : 0.0820516049861908
loss function at mini-batch iteration 44 : 0.10463374853134155
loss function at mini-batch iteration 55 : 0.0698886290192604
mean loss: 4.604484558105469
***************************
********* Validate ************
***************************
mean loss: 0.6668009757995605
****************************************************
************* epoch  7 ***************************
****************************************************
loss function at mini-batch iteration 0 : 0.09512074291706085
loss function at mini-batch iteration 11 : 0.13619135320186615
loss function at mini-batch iteration 22 : 0.17704027891159058
loss function at mini-batch iteration 33 : 0.09729346632957458
loss function at mini-batch iteration 44 : 0.07519130408763885
loss function at mini-batch iteration 55 : 0.18406270444393158
mean loss: 3.9806034564971924
***************************
********* Validate ************
***************************
mean loss: 0.32737454771995544
****************************************************
************* epoch  8 ***************************
****************************************************
loss function at mini-batch iteration 0 : 0.08706630766391754
loss function at mini-batch iteration 11 : 0.22578561305999756
loss function at mini-batch iteration 22 : 0.0836571455001831
loss function at mini-batch iteration 33 : 0.1331484317779541
loss function at mini-batch iteration 44 : 0.0774090513586998
loss function at mini-batch iteration 55 : 0.08597619086503983
mean loss: 3.5811243057250977
***************************
********* Validate ************
***************************
mean loss: 0.3275989294052124
****************************************************
************* epoch  9 ***************************
****************************************************
loss function at mini-batch iteration 0 : 0.03182557597756386
loss function at mini-batch iteration 11 : 0.03578932583332062
loss function at mini-batch iteration 22 : 0.31018561124801636
loss function at mini-batch iteration 33 : 0.05412326380610466
loss function at mini-batch iteration 44 : 0.0362478569149971
loss function at mini-batch iteration 55 : 0.1406744122505188
mean loss: 3.2195041179656982
***************************
********* Validate ************
***************************
mean loss: 0.3061542809009552
****************************************************
************* epoch  10 ***************************
****************************************************
loss function at mini-batch iteration 0 : 0.09808315336704254
loss function at mini-batch iteration 11 : 0.04588010907173157
loss function at mini-batch iteration 22 : 0.09513135254383087
loss function at mini-batch iteration 33 : 0.16665884852409363
loss function at mini-batch iteration 44 : 0.11712957918643951
loss function at mini-batch iteration 55 : 0.08472433686256409
mean loss: 3.509568452835083
***************************
********* Validate ************
***************************
mean loss: 0.3781052827835083
****************************************************
************* epoch  11 ***************************
****************************************************
loss function at mini-batch iteration 0 : 0.08259094506502151
loss function at mini-batch iteration 11 : 0.09640400856733322
loss function at mini-batch iteration 22 : 0.08266285061836243
loss function at mini-batch iteration 33 : 0.12389779090881348
loss function at mini-batch iteration 44 : 0.16675788164138794
loss function at mini-batch iteration 55 : 0.07569415122270584
mean loss: 3.5882349014282227
***************************
********* Validate ************
***************************
mean loss: 0.5063464641571045
****************************************************
************* epoch  12 ***************************
****************************************************
loss function at mini-batch iteration 0 : 0.08187973499298096
loss function at mini-batch iteration 11 : 0.05543559789657593
loss function at mini-batch iteration 22 : 0.11928806453943253
loss function at mini-batch iteration 33 : 0.042491406202316284
loss function at mini-batch iteration 44 : 0.15709753334522247
loss function at mini-batch iteration 55 : 0.0801905170083046
mean loss: 2.6941497325897217
***************************
********* Validate ************
***************************
mean loss: 0.4962688684463501
****************************************************
************* epoch  13 ***************************
****************************************************
loss function at mini-batch iteration 0 : 0.0818101167678833
loss function at mini-batch iteration 11 : 0.10645942389965057
loss function at mini-batch iteration 22 : 0.07055504620075226
loss function at mini-batch iteration 33 : 0.07725384086370468
loss function at mini-batch iteration 44 : 0.1447601318359375
loss function at mini-batch iteration 55 : 0.15654654800891876
mean loss: 2.719010591506958
***************************
********* Validate ************
***************************
mean loss: 1.9264473915100098
****************************************************
************* epoch  14 ***************************
****************************************************
loss function at mini-batch iteration 0 : 0.06961541622877121
loss function at mini-batch iteration 11 : 0.11521517485380173
loss function at mini-batch iteration 22 : 0.1315866857767105
loss function at mini-batch iteration 33 : 0.08472053706645966
loss function at mini-batch iteration 44 : 0.06257214397192001
loss function at mini-batch iteration 55 : 0.04413213953375816
mean loss: 3.3418526649475098
***************************
********* Validate ************
***************************
mean loss: 0.5486072301864624
****************************************************
************* epoch  15 ***************************
****************************************************
loss function at mini-batch iteration 0 : 0.09922946989536285
loss function at mini-batch iteration 11 : 0.07718521356582642
loss function at mini-batch iteration 22 : 0.17397677898406982
loss function at mini-batch iteration 33 : 0.10991218686103821
loss function at mini-batch iteration 44 : 0.0730593279004097
loss function at mini-batch iteration 55 : 0.05139116197824478
mean loss: 3.17557692527771
***************************
********* Validate ************
***************************
mean loss: 0.3114170730113983
****************************************************
************* epoch  16 ***************************
****************************************************
loss function at mini-batch iteration 0 : 0.0983516126871109
loss function at mini-batch iteration 11 : 0.1040317565202713
loss function at mini-batch iteration 22 : 0.07562439143657684
loss function at mini-batch iteration 33 : 0.18422335386276245
loss function at mini-batch iteration 44 : 0.04256419837474823
loss function at mini-batch iteration 55 : 0.06892696022987366
mean loss: 3.1271793842315674
***************************
********* Validate ************
***************************
mean loss: 0.3663366138935089
****************************************************
************* epoch  17 ***************************
****************************************************
loss function at mini-batch iteration 0 : 0.1413891613483429
loss function at mini-batch iteration 11 : 0.08941201865673065
loss function at mini-batch iteration 22 : 0.150721937417984
loss function at mini-batch iteration 33 : 0.07029072940349579
loss function at mini-batch iteration 44 : 0.07418876141309738
loss function at mini-batch iteration 55 : 0.03949698060750961
mean loss: 2.6349923610687256
***************************
********* Validate ************
***************************
mean loss: 0.38972964882850647
****************************************************
************* epoch  18 ***************************
****************************************************
loss function at mini-batch iteration 0 : 0.06944631785154343
loss function at mini-batch iteration 11 : 0.05199029669165611
loss function at mini-batch iteration 22 : 0.0546390563249588
loss function at mini-batch iteration 33 : 0.04284635931253433
loss function at mini-batch iteration 44 : 0.09301554411649704
loss function at mini-batch iteration 55 : 0.0690169632434845
mean loss: 2.2890210151672363
***************************
********* Validate ************
***************************
mean loss: 0.45990848541259766
****************************************************
************* epoch  19 ***************************
****************************************************
loss function at mini-batch iteration 0 : 0.09112641215324402
loss function at mini-batch iteration 11 : 0.03945598751306534
loss function at mini-batch iteration 22 : 0.19547560811042786
loss function at mini-batch iteration 33 : 0.037741709500551224
loss function at mini-batch iteration 44 : 0.038576241582632065
loss function at mini-batch iteration 55 : 0.03667258471250534
mean loss: 3.35754656791687
***************************
********* Validate ************
***************************
mean loss: 0.4563705325126648
****************************************************
************* epoch  20 ***************************
****************************************************
loss function at mini-batch iteration 0 : 0.10449418425559998
loss function at mini-batch iteration 11 : 0.0432090163230896
loss function at mini-batch iteration 22 : 0.13558954000473022
loss function at mini-batch iteration 33 : 0.0724845677614212
loss function at mini-batch iteration 44 : 0.0906602069735527
loss function at mini-batch iteration 55 : 0.04171326011419296
mean loss: 2.2604644298553467
***************************
********* Validate ************
***************************
mean loss: 0.4719150960445404
****************************************************
************* epoch  21 ***************************
****************************************************
loss function at mini-batch iteration 0 : 0.0370546355843544
loss function at mini-batch iteration 11 : 0.045163463801145554
loss function at mini-batch iteration 22 : 0.04866241663694382
loss function at mini-batch iteration 33 : 0.07714774459600449
loss function at mini-batch iteration 44 : 0.04929526150226593
loss function at mini-batch iteration 55 : 0.05587896704673767
mean loss: 2.3997104167938232
***************************
********* Validate ************
***************************
mean loss: 0.4436723291873932
****************************************************
************* epoch  22 ***************************
****************************************************
loss function at mini-batch iteration 0 : 0.042481862008571625
loss function at mini-batch iteration 11 : 0.06543984264135361
loss function at mini-batch iteration 22 : 0.04687332734465599
loss function at mini-batch iteration 33 : 0.045730240643024445
loss function at mini-batch iteration 44 : 0.04205677658319473
loss function at mini-batch iteration 55 : 0.03791289031505585
mean loss: 1.9949588775634766
***************************
********* Validate ************
***************************
mean loss: 0.3846547603607178
****************************************************
************* epoch  23 ***************************
****************************************************
loss function at mini-batch iteration 0 : 0.048839639872312546
loss function at mini-batch iteration 11 : 0.22163990139961243
loss function at mini-batch iteration 22 : 0.08622337132692337
loss function at mini-batch iteration 33 : 0.10726640373468399
loss function at mini-batch iteration 44 : 0.03210587427020073
loss function at mini-batch iteration 55 : 0.14675922691822052
mean loss: 3.317126512527466
***************************
********* Validate ************
***************************
mean loss: 0.4263455271720886
****************************************************
************* epoch  24 ***************************
****************************************************
loss function at mini-batch iteration 0 : 0.07422229647636414
loss function at mini-batch iteration 11 : 0.044777095317840576
loss function at mini-batch iteration 22 : 0.04373619705438614
loss function at mini-batch iteration 33 : 0.0665445327758789
loss function at mini-batch iteration 44 : 0.06735524535179138
loss function at mini-batch iteration 55 : 0.20888113975524902
mean loss: 2.1427114009857178
***************************
********* Validate ************
***************************
mean loss: 0.6539576053619385
****************************************************
************* epoch  25 ***************************
****************************************************
loss function at mini-batch iteration 0 : 0.11727733910083771
loss function at mini-batch iteration 11 : 0.0982569083571434
loss function at mini-batch iteration 22 : 0.07682164013385773
loss function at mini-batch iteration 33 : 0.11745727807283401
loss function at mini-batch iteration 44 : 0.03148249164223671
loss function at mini-batch iteration 55 : 0.06891453266143799
mean loss: 2.2941060066223145
***************************
********* Validate ************
***************************
mean loss: 0.4492223858833313
****************************************************
************* epoch  26 ***************************
****************************************************
loss function at mini-batch iteration 0 : 0.08422533422708511
loss function at mini-batch iteration 11 : 0.041672784835100174
loss function at mini-batch iteration 22 : 0.03691745921969414
loss function at mini-batch iteration 33 : 0.0632021427154541
loss function at mini-batch iteration 44 : 0.04044400900602341
loss function at mini-batch iteration 55 : 0.05131112039089203
mean loss: 2.175726890563965
***************************
********* Validate ************
***************************
mean loss: 0.4528598487377167
****************************************************
************* epoch  27 ***************************
****************************************************
loss function at mini-batch iteration 0 : 0.04816299304366112
loss function at mini-batch iteration 11 : 0.05892167240381241
loss function at mini-batch iteration 22 : 0.07834579795598984
loss function at mini-batch iteration 33 : 0.07973600178956985
loss function at mini-batch iteration 44 : 0.07554089277982712
loss function at mini-batch iteration 55 : 0.04827653989195824
mean loss: 2.0735692977905273
***************************
********* Validate ************
***************************
mean loss: 0.44422948360443115
****************************************************
************* epoch  28 ***************************
****************************************************
loss function at mini-batch iteration 0 : 0.1249663382768631
loss function at mini-batch iteration 11 : 0.05268261209130287
loss function at mini-batch iteration 22 : 0.0409967303276062
loss function at mini-batch iteration 33 : 0.04304572567343712
loss function at mini-batch iteration 44 : 0.1329592764377594
loss function at mini-batch iteration 55 : 0.0861605778336525
mean loss: 2.1305131912231445
***************************
********* Validate ************
***************************
mean loss: 0.30661189556121826
****************************************************
************* epoch  29 ***************************
****************************************************
loss function at mini-batch iteration 0 : 0.0709099993109703
loss function at mini-batch iteration 11 : 0.05046393722295761
loss function at mini-batch iteration 22 : 0.121421217918396
loss function at mini-batch iteration 33 : 0.041923172771930695
loss function at mini-batch iteration 44 : 0.05456659942865372
loss function at mini-batch iteration 55 : 0.05535788834095001
mean loss: 1.7988593578338623
***************************
********* Validate ************
***************************
mean loss: 0.670141875743866
****************************************************
************* epoch  30 ***************************
****************************************************
loss function at mini-batch iteration 0 : 0.10084696114063263
loss function at mini-batch iteration 11 : 0.044528063386678696
loss function at mini-batch iteration 22 : 0.024961363524198532
loss function at mini-batch iteration 33 : 0.1009407490491867
loss function at mini-batch iteration 44 : 0.042631082236766815
loss function at mini-batch iteration 55 : 0.11559413373470306
mean loss: 2.0677976608276367
***************************
********* Validate ************
***************************
mean loss: 0.4575173854827881
****************************************************
************* epoch  31 ***************************
****************************************************
loss function at mini-batch iteration 0 : 0.0581844225525856
loss function at mini-batch iteration 11 : 0.11833515763282776
loss function at mini-batch iteration 22 : 0.14632318913936615
loss function at mini-batch iteration 33 : 0.07692381739616394
loss function at mini-batch iteration 44 : 0.10172055661678314
loss function at mini-batch iteration 55 : 0.06209040805697441
mean loss: 3.6845927238464355
***************************
********* Validate ************
***************************
mean loss: 0.5916920304298401
****************************************************
************* epoch  32 ***************************
****************************************************
loss function at mini-batch iteration 0 : 0.05545885115861893
loss function at mini-batch iteration 11 : 0.14751891791820526
loss function at mini-batch iteration 22 : 0.07248317450284958
loss function at mini-batch iteration 33 : 0.11242205649614334
loss function at mini-batch iteration 44 : 0.038181617856025696
loss function at mini-batch iteration 55 : 0.025028016418218613
mean loss: 2.5632035732269287
***************************
********* Validate ************
***************************
mean loss: 0.3709612488746643
****************************************************
************* epoch  33 ***************************
****************************************************
loss function at mini-batch iteration 0 : 0.07373197376728058
loss function at mini-batch iteration 11 : 0.06143968179821968
loss function at mini-batch iteration 22 : 0.06542081385850906
loss function at mini-batch iteration 33 : 0.05096464231610298
loss function at mini-batch iteration 44 : 0.054937537759542465
loss function at mini-batch iteration 55 : 0.02860453724861145
mean loss: 2.3461921215057373
***************************
********* Validate ************
***************************
mean loss: 0.49129536747932434
****************************************************
************* epoch  34 ***************************
****************************************************
loss function at mini-batch iteration 0 : 0.03338377922773361
loss function at mini-batch iteration 11 : 0.06928343325853348
loss function at mini-batch iteration 22 : 0.0410141795873642
loss function at mini-batch iteration 33 : 0.04205562174320221
loss function at mini-batch iteration 44 : 0.08677312731742859
loss function at mini-batch iteration 55 : 0.04487481340765953
mean loss: 1.8569375276565552
***************************
********* Validate ************
***************************
mean loss: 0.4396500587463379
****************************************************
************* epoch  35 ***************************
****************************************************
loss function at mini-batch iteration 0 : 0.04993240907788277
loss function at mini-batch iteration 11 : 0.05456598848104477
loss function at mini-batch iteration 22 : 0.059446174651384354
loss function at mini-batch iteration 33 : 0.03565036505460739
loss function at mini-batch iteration 44 : 0.0342700220644474
loss function at mini-batch iteration 55 : 0.06500814855098724
mean loss: 1.7093240022659302
***************************
********* Validate ************
***************************
mean loss: 0.40798988938331604
****************************************************
************* epoch  36 ***************************
****************************************************
loss function at mini-batch iteration 0 : 0.06411923468112946
loss function at mini-batch iteration 11 : 0.031331878155469894
loss function at mini-batch iteration 22 : 0.08658184111118317
loss function at mini-batch iteration 33 : 0.039589397609233856
loss function at mini-batch iteration 44 : 0.09542673826217651
loss function at mini-batch iteration 55 : 0.061567522585392
mean loss: 2.0383784770965576
***************************
********* Validate ************
***************************
mean loss: 0.4454551637172699
****************************************************
************* epoch  37 ***************************
****************************************************
loss function at mini-batch iteration 0 : 0.05522775650024414
loss function at mini-batch iteration 11 : 0.04705999046564102
loss function at mini-batch iteration 22 : 0.0323517769575119
loss function at mini-batch iteration 33 : 0.18948903679847717
loss function at mini-batch iteration 44 : 0.03729311749339104
loss function at mini-batch iteration 55 : 0.059913549572229385
mean loss: 2.022224187850952
***************************
********* Validate ************
***************************
mean loss: 0.45702964067459106
****************************************************
************* epoch  38 ***************************
****************************************************
loss function at mini-batch iteration 0 : 0.03425135463476181
loss function at mini-batch iteration 11 : 0.05720312148332596
loss function at mini-batch iteration 22 : 0.027596423402428627
loss function at mini-batch iteration 33 : 0.03900911659002304
loss function at mini-batch iteration 44 : 0.06563321501016617
loss function at mini-batch iteration 55 : 0.02106100507080555
mean loss: 1.6422373056411743
***************************
********* Validate ************
***************************
mean loss: 0.5105655193328857
****************************************************
************* epoch  39 ***************************
****************************************************
loss function at mini-batch iteration 0 : 0.03748398274183273
loss function at mini-batch iteration 11 : 0.11626283079385757
loss function at mini-batch iteration 22 : 0.09242767095565796
loss function at mini-batch iteration 33 : 0.050723664462566376
loss function at mini-batch iteration 44 : 0.18934917449951172
loss function at mini-batch iteration 55 : 0.0855599045753479
mean loss: 1.993190884590149
***************************
********* Validate ************
***************************
mean loss: 0.29369938373565674
****************************************************
************* epoch  40 ***************************
****************************************************
loss function at mini-batch iteration 0 : 0.0971476286649704
loss function at mini-batch iteration 11 : 0.03677496314048767
loss function at mini-batch iteration 22 : 0.0691361129283905
loss function at mini-batch iteration 33 : 0.044021669775247574
loss function at mini-batch iteration 44 : 0.07167093455791473
loss function at mini-batch iteration 55 : 0.047422442585229874
mean loss: 1.9599452018737793
***************************
********* Validate ************
***************************
mean loss: 0.6116162538528442
****************************************************
************* epoch  41 ***************************
****************************************************
loss function at mini-batch iteration 0 : 0.02937314659357071
loss function at mini-batch iteration 11 : 0.0606963187456131
loss function at mini-batch iteration 22 : 0.04664633050560951
loss function at mini-batch iteration 33 : 0.024060381576418877
loss function at mini-batch iteration 44 : 0.04244692623615265
loss function at mini-batch iteration 55 : 0.06039872020483017
mean loss: 1.469133973121643
***************************
********* Validate ************
***************************
mean loss: 0.5373666882514954
****************************************************
************* epoch  42 ***************************
****************************************************
loss function at mini-batch iteration 0 : 0.026337923482060432
loss function at mini-batch iteration 11 : 0.07627461105585098
loss function at mini-batch iteration 22 : 0.05030898004770279
loss function at mini-batch iteration 33 : 0.027308542281389236
loss function at mini-batch iteration 44 : 0.03667670115828514
loss function at mini-batch iteration 55 : 0.038247860968112946
mean loss: 1.7160661220550537
***************************
********* Validate ************
***************************
mean loss: 0.4288937747478485
****************************************************
************* epoch  43 ***************************
****************************************************
loss function at mini-batch iteration 0 : 0.03888167068362236
loss function at mini-batch iteration 11 : 0.027329567819833755
loss function at mini-batch iteration 22 : 0.03097739815711975
loss function at mini-batch iteration 33 : 0.056607797741889954
loss function at mini-batch iteration 44 : 0.045061614364385605
loss function at mini-batch iteration 55 : 0.06363311409950256
mean loss: 1.5471704006195068
***************************
********* Validate ************
***************************
mean loss: 0.5799983143806458
****************************************************
************* epoch  44 ***************************
****************************************************
loss function at mini-batch iteration 0 : 0.04953033849596977
loss function at mini-batch iteration 11 : 0.06280897557735443
loss function at mini-batch iteration 22 : 0.04160594195127487
loss function at mini-batch iteration 33 : 0.10971289873123169
loss function at mini-batch iteration 44 : 0.043680205941200256
loss function at mini-batch iteration 55 : 0.049123164266347885
mean loss: 1.4729143381118774
***************************
********* Validate ************
***************************
mean loss: 0.49925899505615234
****************************************************
************* epoch  45 ***************************
****************************************************
loss function at mini-batch iteration 0 : 0.022044964134693146
loss function at mini-batch iteration 11 : 0.02512834221124649
loss function at mini-batch iteration 22 : 0.06112552434206009
loss function at mini-batch iteration 33 : 0.034891337156295776
loss function at mini-batch iteration 44 : 0.0608702190220356
loss function at mini-batch iteration 55 : 0.045094046741724014
mean loss: 1.3038740158081055
***************************
********* Validate ************
***************************
mean loss: 0.45639997720718384
****************************************************
************* epoch  46 ***************************
****************************************************
loss function at mini-batch iteration 0 : 0.019160445779561996
loss function at mini-batch iteration 11 : 0.05979271978139877
loss function at mini-batch iteration 22 : 0.04264403507113457
loss function at mini-batch iteration 33 : 0.032518308609724045
loss function at mini-batch iteration 44 : 0.04598800837993622
loss function at mini-batch iteration 55 : 0.027319107204675674
mean loss: 1.3464759588241577
***************************
********* Validate ************
***************************
mean loss: 0.37807804346084595
****************************************************
************* epoch  47 ***************************
****************************************************
loss function at mini-batch iteration 0 : 0.025716491043567657
loss function at mini-batch iteration 11 : 0.07554144412279129
loss function at mini-batch iteration 22 : 0.0260994341224432
loss function at mini-batch iteration 33 : 0.03638777136802673
loss function at mini-batch iteration 44 : 0.06485157459974289
loss function at mini-batch iteration 55 : 0.04812454804778099
mean loss: 1.3206310272216797
***************************
********* Validate ************
***************************
mean loss: 0.4541424810886383
****************************************************
************* epoch  48 ***************************
****************************************************
loss function at mini-batch iteration 0 : 0.06256964057683945
loss function at mini-batch iteration 11 : 0.06387674808502197
loss function at mini-batch iteration 22 : 0.03285350650548935
loss function at mini-batch iteration 33 : 0.06394913792610168
loss function at mini-batch iteration 44 : 0.037605468183755875
loss function at mini-batch iteration 55 : 0.032440342009067535
mean loss: 1.55544114112854
***************************
********* Validate ************
***************************
mean loss: 0.5624178647994995
****************************************************
************* epoch  49 ***************************
****************************************************
loss function at mini-batch iteration 0 : 0.04334624484181404
loss function at mini-batch iteration 11 : 0.09162238240242004
loss function at mini-batch iteration 22 : 0.061966780573129654
loss function at mini-batch iteration 33 : 0.02698756754398346
loss function at mini-batch iteration 44 : 0.04552780091762543
loss function at mini-batch iteration 55 : 0.030184991657733917
mean loss: 1.924666166305542
***************************
********* Validate ************
***************************
mean loss: 0.3351166546344757
****************************************************
************* epoch  50 ***************************
****************************************************
loss function at mini-batch iteration 0 : 0.12583470344543457
loss function at mini-batch iteration 11 : 0.04904267191886902
loss function at mini-batch iteration 22 : 0.04804777354001999
loss function at mini-batch iteration 33 : 0.024905487895011902
loss function at mini-batch iteration 44 : 0.036259811371564865
loss function at mini-batch iteration 55 : 0.04862341284751892
mean loss: 1.6242533922195435
***************************
********* Validate ************
***************************
mean loss: 0.4276696741580963
****************************************************
************* epoch  51 ***************************
****************************************************
loss function at mini-batch iteration 0 : 0.03700388967990875
loss function at mini-batch iteration 11 : 0.04773859679698944
loss function at mini-batch iteration 22 : 0.07598686218261719
loss function at mini-batch iteration 33 : 0.025093046948313713
loss function at mini-batch iteration 44 : 0.08397605270147324
loss function at mini-batch iteration 55 : 0.03987891972064972
mean loss: 1.3765978813171387
***************************
********* Validate ************
***************************
mean loss: 0.5306192636489868
****************************************************
************* epoch  52 ***************************
****************************************************
loss function at mini-batch iteration 0 : 0.048515401780605316
loss function at mini-batch iteration 11 : 0.02031177654862404
loss function at mini-batch iteration 22 : 0.02795364335179329
loss function at mini-batch iteration 33 : 0.03490900248289108
loss function at mini-batch iteration 44 : 0.11283522844314575
loss function at mini-batch iteration 55 : 0.03103480488061905
mean loss: 1.4334770441055298
***************************
********* Validate ************
***************************
mean loss: 0.38943561911582947
****************************************************
************* epoch  53 ***************************
****************************************************
loss function at mini-batch iteration 0 : 0.06889514625072479
loss function at mini-batch iteration 11 : 0.09040750563144684
loss function at mini-batch iteration 22 : 0.038961805403232574
loss function at mini-batch iteration 33 : 0.03166848421096802
loss function at mini-batch iteration 44 : 0.03682707995176315
loss function at mini-batch iteration 55 : 0.04016778618097305
mean loss: 1.571069359779358
***************************
********* Validate ************
***************************
mean loss: 0.406622052192688
****************************************************
************* epoch  54 ***************************
****************************************************
loss function at mini-batch iteration 0 : 0.056101735681295395
loss function at mini-batch iteration 11 : 0.03769070655107498
loss function at mini-batch iteration 22 : 0.037634845823049545
loss function at mini-batch iteration 33 : 0.052416250109672546
loss function at mini-batch iteration 44 : 0.020838819444179535
loss function at mini-batch iteration 55 : 0.048424649983644485
mean loss: 1.318620204925537
***************************
********* Validate ************
***************************
mean loss: 0.5498583912849426
****************************************************
************* epoch  55 ***************************
****************************************************
loss function at mini-batch iteration 0 : 0.056417807936668396
loss function at mini-batch iteration 11 : 0.048446591943502426
loss function at mini-batch iteration 22 : 0.019993243739008904
loss function at mini-batch iteration 33 : 0.10579417645931244
loss function at mini-batch iteration 44 : 0.043269019573926926
loss function at mini-batch iteration 55 : 0.08789803832769394
mean loss: 1.395550012588501
***************************
********* Validate ************
***************************
mean loss: 0.4762250781059265
****************************************************
************* epoch  56 ***************************
****************************************************
loss function at mini-batch iteration 0 : 0.027198169380426407
loss function at mini-batch iteration 11 : 0.03070993535220623
loss function at mini-batch iteration 22 : 0.041339024901390076
loss function at mini-batch iteration 33 : 0.061272069811820984
loss function at mini-batch iteration 44 : 0.0224137119948864
loss function at mini-batch iteration 55 : 0.041075341403484344
mean loss: 1.5136685371398926
***************************
********* Validate ************
***************************
mean loss: 0.39315760135650635
****************************************************
************* epoch  57 ***************************
****************************************************
loss function at mini-batch iteration 0 : 0.045757927000522614
loss function at mini-batch iteration 11 : 0.03598259016871452
loss function at mini-batch iteration 22 : 0.03777623176574707
loss function at mini-batch iteration 33 : 0.03642800450325012
loss function at mini-batch iteration 44 : 0.06838870048522949
loss function at mini-batch iteration 55 : 0.026449967175722122
mean loss: 1.1677383184432983
***************************
********* Validate ************
***************************
mean loss: 0.49381616711616516
****************************************************
************* epoch  58 ***************************
****************************************************
loss function at mini-batch iteration 0 : 0.03666332736611366
loss function at mini-batch iteration 11 : 0.025684067979454994
loss function at mini-batch iteration 22 : 0.025816969573497772
loss function at mini-batch iteration 33 : 0.042849838733673096
loss function at mini-batch iteration 44 : 0.07865157723426819
loss function at mini-batch iteration 55 : 0.036286577582359314
mean loss: 1.27367103099823
***************************
********* Validate ************
***************************
mean loss: 0.4807731509208679
****************************************************
************* epoch  59 ***************************
****************************************************
loss function at mini-batch iteration 0 : 0.021944593638181686
loss function at mini-batch iteration 11 : 0.04193660244345665
loss function at mini-batch iteration 22 : 0.02671666070818901
loss function at mini-batch iteration 33 : 0.03611329197883606
loss function at mini-batch iteration 44 : 0.026788223534822464
loss function at mini-batch iteration 55 : 0.023393839597702026
mean loss: 1.3920228481292725
***************************
********* Validate ************
***************************
mean loss: 0.4443681538105011
****************************************************
************* epoch  60 ***************************
****************************************************
loss function at mini-batch iteration 0 : 0.02968486398458481
loss function at mini-batch iteration 11 : 0.07766556739807129
loss function at mini-batch iteration 22 : 0.03435363620519638
loss function at mini-batch iteration 33 : 0.03646824508905411
loss function at mini-batch iteration 44 : 0.020877903327345848
loss function at mini-batch iteration 55 : 0.0461992584168911
mean loss: 1.2869391441345215
***************************
********* Validate ************
***************************
mean loss: 0.39670053124427795
****************************************************
************* epoch  61 ***************************
****************************************************
loss function at mini-batch iteration 0 : 0.04734606295824051
loss function at mini-batch iteration 11 : 0.02792765013873577
loss function at mini-batch iteration 22 : 0.03980358690023422
loss function at mini-batch iteration 33 : 0.03625163808465004
loss function at mini-batch iteration 44 : 0.03431165963411331
loss function at mini-batch iteration 55 : 0.0379568412899971
mean loss: 1.3593127727508545
***************************
********* Validate ************
***************************
mean loss: 0.5099871158599854
****************************************************
************* epoch  62 ***************************
****************************************************
loss function at mini-batch iteration 0 : 0.04454388469457626
loss function at mini-batch iteration 11 : 0.04371196776628494
loss function at mini-batch iteration 22 : 0.03525930270552635
loss function at mini-batch iteration 33 : 0.04999961704015732
loss function at mini-batch iteration 44 : 0.020060967653989792
loss function at mini-batch iteration 55 : 0.04035399854183197
mean loss: 1.1474270820617676
***************************
********* Validate ************
***************************
mean loss: 0.4058370888233185
****************************************************
************* epoch  63 ***************************
****************************************************
loss function at mini-batch iteration 0 : 0.03174344077706337
loss function at mini-batch iteration 11 : 0.02480294182896614
loss function at mini-batch iteration 22 : 0.03471627086400986
loss function at mini-batch iteration 33 : 0.02790515124797821
loss function at mini-batch iteration 44 : 0.021628838032484055
loss function at mini-batch iteration 55 : 0.019041692838072777
mean loss: 1.3559348583221436
***************************
********* Validate ************
***************************
mean loss: 0.5044739842414856
****************************************************
************* epoch  64 ***************************
****************************************************
loss function at mini-batch iteration 0 : 0.044172897934913635
loss function at mini-batch iteration 11 : 0.02400362677872181
loss function at mini-batch iteration 22 : 0.03191760182380676
loss function at mini-batch iteration 33 : 0.02360045537352562
loss function at mini-batch iteration 44 : 0.04445483908057213
loss function at mini-batch iteration 55 : 0.028635229915380478
mean loss: 1.265449047088623
***************************
********* Validate ************
***************************
mean loss: 0.43805184960365295
****************************************************
************* epoch  65 ***************************
****************************************************
loss function at mini-batch iteration 0 : 0.038238268345594406
loss function at mini-batch iteration 11 : 0.025315001606941223
loss function at mini-batch iteration 22 : 0.022516880184412003
loss function at mini-batch iteration 33 : 0.029876887798309326
loss function at mini-batch iteration 44 : 0.01670047454535961
loss function at mini-batch iteration 55 : 0.02845495566725731
mean loss: 1.1153544187545776
***************************
********* Validate ************
***************************
mean loss: 0.5320110321044922
****************************************************
************* epoch  66 ***************************
****************************************************
loss function at mini-batch iteration 0 : 0.026380006223917007
loss function at mini-batch iteration 11 : 0.03826438635587692
loss function at mini-batch iteration 22 : 0.05058421939611435
loss function at mini-batch iteration 33 : 0.1139143705368042
loss function at mini-batch iteration 44 : 0.03175044059753418
loss function at mini-batch iteration 55 : 0.040794678032398224
mean loss: 1.1940784454345703
***************************
********* Validate ************
***************************
mean loss: 0.5692106485366821
****************************************************
************* epoch  67 ***************************
****************************************************
loss function at mini-batch iteration 0 : 0.03535991534590721
loss function at mini-batch iteration 11 : 0.04438741132616997
loss function at mini-batch iteration 22 : 0.0339006632566452
loss function at mini-batch iteration 33 : 0.02545255608856678
loss function at mini-batch iteration 44 : 0.025599703192710876
loss function at mini-batch iteration 55 : 0.04003061726689339
mean loss: 1.0461766719818115
***************************
********* Validate ************
***************************
mean loss: 0.4541129767894745
****************************************************
************* epoch  68 ***************************
****************************************************
loss function at mini-batch iteration 0 : 0.030876919627189636
loss function at mini-batch iteration 11 : 0.01819201558828354
loss function at mini-batch iteration 22 : 0.02013380080461502
loss function at mini-batch iteration 33 : 0.01994158700108528
loss function at mini-batch iteration 44 : 0.028258351609110832
loss function at mini-batch iteration 55 : 0.04586820676922798
mean loss: 1.0603312253952026
***************************
********* Validate ************
***************************
mean loss: 0.4627586603164673
****************************************************
************* epoch  69 ***************************
****************************************************
loss function at mini-batch iteration 0 : 0.04595872014760971
loss function at mini-batch iteration 11 : 0.01708400435745716
loss function at mini-batch iteration 22 : 0.03749285638332367
loss function at mini-batch iteration 33 : 0.022469524294137955
loss function at mini-batch iteration 44 : 0.03319358825683594
loss function at mini-batch iteration 55 : 0.042635418474674225
mean loss: 1.1870191097259521
***************************
********* Validate ************
***************************
mean loss: 0.5288235545158386
****************************************************
************* epoch  70 ***************************
****************************************************
loss function at mini-batch iteration 0 : 0.02417064644396305
loss function at mini-batch iteration 11 : 0.030826926231384277
loss function at mini-batch iteration 22 : 0.02313828468322754
loss function at mini-batch iteration 33 : 0.028978442773222923
loss function at mini-batch iteration 44 : 0.014249068684875965
loss function at mini-batch iteration 55 : 0.04554345831274986
mean loss: 0.9000692963600159
***************************
********* Validate ************
***************************
mean loss: 0.5359635949134827
****************************************************
************* epoch  71 ***************************
****************************************************
loss function at mini-batch iteration 0 : 0.013332273811101913
loss function at mini-batch iteration 11 : 0.02028355374932289
loss function at mini-batch iteration 22 : 0.024969283491373062
loss function at mini-batch iteration 33 : 0.03235948830842972
loss function at mini-batch iteration 44 : 0.015953194350004196
loss function at mini-batch iteration 55 : 0.03976379334926605
mean loss: 0.9423532485961914
***************************
********* Validate ************
***************************
mean loss: 0.4920331537723541
****************************************************
************* epoch  72 ***************************
****************************************************
loss function at mini-batch iteration 0 : 0.03878564387559891
loss function at mini-batch iteration 11 : 0.019186126068234444
loss function at mini-batch iteration 22 : 0.07379259169101715
loss function at mini-batch iteration 33 : 0.025169262662529945
loss function at mini-batch iteration 44 : 0.01917169615626335
loss function at mini-batch iteration 55 : 0.01628820039331913
mean loss: 1.0347685813903809
***************************
********* Validate ************
***************************
mean loss: 0.49257779121398926
****************************************************
************* epoch  73 ***************************
****************************************************
loss function at mini-batch iteration 0 : 0.0319858193397522
loss function at mini-batch iteration 11 : 0.05039007216691971
loss function at mini-batch iteration 22 : 0.032376907765865326
loss function at mini-batch iteration 33 : 0.04313598945736885
loss function at mini-batch iteration 44 : 0.0443301796913147
loss function at mini-batch iteration 55 : 0.031988829374313354
mean loss: 0.8889876008033752
***************************
********* Validate ************
***************************
mean loss: 0.44357097148895264
****************************************************
************* epoch  74 ***************************
****************************************************
loss function at mini-batch iteration 0 : 0.06297045946121216
loss function at mini-batch iteration 11 : 0.030008168891072273
loss function at mini-batch iteration 22 : 0.03795865923166275
loss function at mini-batch iteration 33 : 0.021628353744745255
loss function at mini-batch iteration 44 : 0.019450437277555466
loss function at mini-batch iteration 55 : 0.024202391505241394
mean loss: 1.0416725873947144
***************************
********* Validate ************
***************************
mean loss: 0.4041370749473572
****************************************************
************* epoch  75 ***************************
****************************************************
loss function at mini-batch iteration 0 : 0.01962175965309143
loss function at mini-batch iteration 11 : 0.021224457770586014
loss function at mini-batch iteration 22 : 0.021061960607767105
loss function at mini-batch iteration 33 : 0.018488582223653793
loss function at mini-batch iteration 44 : 0.031826458871364594
loss function at mini-batch iteration 55 : 0.026671286672353745
mean loss: 0.8641332387924194
***************************
********* Validate ************
***************************
mean loss: 0.44625750184059143
****************************************************
************* epoch  76 ***************************
****************************************************
